TN:
SF:src/ArchivosAntiguos/Card.ts
FN:50,<instance_members_initializer>
FN:51,Card
FN:60,get id
FN:67,set id
FN:74,get name
FN:81,set name
FN:88,get manaCost
FN:95,set manaCost
FN:102,get color
FN:109,set color
FN:116,get type
FN:123,set type
FN:130,get rarity
FN:137,set rarity
FN:144,get rulesText
FN:151,set rulesText
FN:158,get marketValue
FN:165,set marketValue
FN:172,toString
FNF:19
FNH:19
FNDA:21,<instance_members_initializer>
FNDA:21,Card
FNDA:8,get id
FNDA:2,set id
FNDA:8,get name
FNDA:2,set name
FNDA:5,get manaCost
FNDA:2,set manaCost
FNDA:5,get color
FNDA:2,set color
FNDA:5,get type
FNDA:2,set type
FNDA:5,get rarity
FNDA:2,set rarity
FNDA:5,get rulesText
FNDA:2,set rulesText
FNDA:5,get marketValue
FNDA:2,set marketValue
FNDA:3,toString
DA:1,1
DA:2,1
DA:3,1
DA:4,1
DA:5,1
DA:6,1
DA:7,1
DA:8,1
DA:9,1
DA:10,1
DA:11,1
DA:12,1
DA:13,1
DA:14,1
DA:15,1
DA:16,1
DA:17,1
DA:18,1
DA:19,1
DA:20,1
DA:21,1
DA:22,1
DA:23,1
DA:24,1
DA:25,1
DA:26,1
DA:27,1
DA:28,1
DA:29,1
DA:30,1
DA:31,1
DA:32,1
DA:33,1
DA:34,1
DA:35,1
DA:36,1
DA:37,1
DA:38,1
DA:39,1
DA:40,1
DA:41,1
DA:42,1
DA:43,1
DA:44,1
DA:45,1
DA:46,1
DA:47,1
DA:48,1
DA:49,1
DA:50,1
DA:51,21
DA:52,21
DA:53,21
DA:54,21
DA:55,21
DA:56,21
DA:57,21
DA:58,21
DA:59,21
DA:60,21
DA:61,8
DA:62,8
DA:63,21
DA:64,21
DA:65,21
DA:66,21
DA:67,21
DA:68,2
DA:69,2
DA:70,21
DA:71,21
DA:72,21
DA:73,21
DA:74,21
DA:75,8
DA:76,8
DA:77,21
DA:78,21
DA:79,21
DA:80,21
DA:81,21
DA:82,2
DA:83,2
DA:84,21
DA:85,21
DA:86,21
DA:87,21
DA:88,21
DA:89,5
DA:90,5
DA:91,21
DA:92,21
DA:93,21
DA:94,21
DA:95,21
DA:96,2
DA:97,2
DA:98,21
DA:99,21
DA:100,21
DA:101,21
DA:102,21
DA:103,5
DA:104,5
DA:105,21
DA:106,21
DA:107,21
DA:108,21
DA:109,21
DA:110,2
DA:111,2
DA:112,21
DA:113,21
DA:114,21
DA:115,21
DA:116,21
DA:117,5
DA:118,5
DA:119,21
DA:120,21
DA:121,21
DA:122,21
DA:123,21
DA:124,2
DA:125,2
DA:126,21
DA:127,21
DA:128,21
DA:129,21
DA:130,21
DA:131,5
DA:132,5
DA:133,21
DA:134,21
DA:135,21
DA:136,21
DA:137,21
DA:138,2
DA:139,2
DA:140,21
DA:141,21
DA:142,21
DA:143,21
DA:144,21
DA:145,5
DA:146,5
DA:147,21
DA:148,21
DA:149,21
DA:150,21
DA:151,21
DA:152,2
DA:153,2
DA:154,21
DA:155,21
DA:156,21
DA:157,21
DA:158,21
DA:159,5
DA:160,5
DA:161,21
DA:162,21
DA:163,21
DA:164,21
DA:165,21
DA:166,2
DA:167,2
DA:168,21
DA:169,21
DA:170,21
DA:171,21
DA:172,21
DA:173,3
DA:174,3
DA:175,21
LF:175
LH:175
BRDA:14,0,0,1
BRDA:27,1,0,1
BRDA:40,2,0,1
BRDA:50,3,0,21
BRDA:51,4,0,21
BRDA:60,5,0,8
BRDA:67,6,0,2
BRDA:74,7,0,8
BRDA:81,8,0,2
BRDA:88,9,0,5
BRDA:95,10,0,2
BRDA:102,11,0,5
BRDA:109,12,0,2
BRDA:116,13,0,5
BRDA:123,14,0,2
BRDA:130,15,0,5
BRDA:137,16,0,2
BRDA:144,17,0,5
BRDA:151,18,0,2
BRDA:158,19,0,5
BRDA:165,20,0,2
BRDA:172,21,0,3
BRF:22
BRH:22
end_of_record
TN:
SF:src/ArchivosAntiguos/CardsCreaters.ts
FN:22,<instance_members_initializer>
FN:23,CardCreator
FN:32,createCard
FN:40,<instance_members_initializer>
FN:41,CreatureCardCreator
FN:48,createCard
FN:56,<instance_members_initializer>
FN:57,PlanesWalkerCardCreator
FN:64,createCard
FNF:9
FNH:9
FNDA:3,<instance_members_initializer>
FNDA:3,CardCreator
FNDA:1,createCard
FNDA:1,<instance_members_initializer>
FNDA:1,CreatureCardCreator
FNDA:1,createCard
FNDA:1,<instance_members_initializer>
FNDA:1,PlanesWalkerCardCreator
FNDA:1,createCard
DA:1,1
DA:2,1
DA:3,1
DA:4,1
DA:5,1
DA:6,1
DA:7,1
DA:8,1
DA:9,1
DA:10,1
DA:11,1
DA:12,1
DA:13,1
DA:14,1
DA:15,1
DA:16,1
DA:17,1
DA:18,1
DA:19,1
DA:20,1
DA:21,1
DA:22,1
DA:23,3
DA:24,3
DA:25,3
DA:26,3
DA:27,3
DA:28,3
DA:29,3
DA:30,3
DA:31,3
DA:32,3
DA:33,1
DA:34,1
DA:35,3
DA:36,1
DA:37,1
DA:38,1
DA:39,1
DA:40,1
DA:41,1
DA:42,1
DA:43,1
DA:44,1
DA:45,1
DA:46,1
DA:47,1
DA:48,1
DA:49,1
DA:50,1
DA:51,1
DA:52,1
DA:53,1
DA:54,1
DA:55,1
DA:56,1
DA:57,1
DA:58,1
DA:59,1
DA:60,1
DA:61,1
DA:62,1
DA:63,1
DA:64,1
DA:65,1
DA:66,1
DA:67,1
LF:67
LH:67
BRDA:22,0,0,3
BRDA:23,1,0,3
BRDA:32,2,0,1
BRDA:40,3,0,1
BRDA:41,4,0,1
BRDA:48,5,0,1
BRDA:56,6,0,1
BRDA:57,7,0,1
BRDA:64,8,0,1
BRF:9
BRH:9
end_of_record
TN:
SF:src/ArchivosAntiguos/CreatureCard.ts
FN:15,<instance_members_initializer>
FN:16,CreatureCard
FN:22,get power
FN:28,set power
FN:34,get toughness
FN:41,set toughness
FN:45,toString
FNF:7
FNH:7
FNDA:5,<instance_members_initializer>
FNDA:5,CreatureCard
FNDA:2,get power
FNDA:1,set power
FNDA:2,get toughness
FNDA:1,set toughness
FNDA:1,toString
DA:1,1
DA:2,1
DA:3,1
DA:4,1
DA:5,1
DA:6,1
DA:7,1
DA:8,1
DA:9,1
DA:10,1
DA:11,1
DA:12,1
DA:13,1
DA:14,1
DA:15,1
DA:16,5
DA:17,5
DA:18,5
DA:19,5
DA:20,5
DA:21,5
DA:22,5
DA:23,2
DA:24,2
DA:25,5
DA:26,5
DA:27,5
DA:28,5
DA:29,1
DA:30,1
DA:31,5
DA:32,5
DA:33,5
DA:34,5
DA:35,2
DA:36,2
DA:37,5
DA:38,5
DA:39,5
DA:40,5
DA:41,5
DA:42,1
DA:43,1
DA:44,5
DA:45,5
DA:46,1
DA:47,1
DA:48,5
LF:48
LH:48
BRDA:15,0,0,5
BRDA:16,1,0,5
BRDA:22,2,0,2
BRDA:28,3,0,1
BRDA:34,4,0,2
BRDA:41,5,0,1
BRDA:45,6,0,1
BRF:7
BRH:7
end_of_record
TN:
SF:src/ArchivosAntiguos/PlanesWalkerCard.ts
FN:15,<instance_members_initializer>
FN:16,PlanesWalkerCard
FN:22,get loyaltyMarks
FN:28,set loyaltyMarks
FN:34,toString
FNF:5
FNH:5
FNDA:4,<instance_members_initializer>
FNDA:4,PlanesWalkerCard
FNDA:3,get loyaltyMarks
FNDA:1,set loyaltyMarks
FNDA:1,toString
DA:1,1
DA:2,1
DA:3,1
DA:4,1
DA:5,1
DA:6,1
DA:7,1
DA:8,1
DA:9,1
DA:10,1
DA:11,1
DA:12,1
DA:13,1
DA:14,1
DA:15,1
DA:16,4
DA:17,4
DA:18,4
DA:19,4
DA:20,4
DA:21,4
DA:22,4
DA:23,3
DA:24,3
DA:25,4
DA:26,4
DA:27,4
DA:28,4
DA:29,1
DA:30,1
DA:31,4
DA:32,4
DA:33,4
DA:34,4
DA:35,1
DA:36,1
DA:37,4
LF:37
LH:37
BRDA:15,0,0,4
BRDA:16,1,0,4
BRDA:22,2,0,3
BRDA:28,3,0,1
BRDA:34,4,0,1
BRF:5
BRH:5
end_of_record
TN:
SF:src/ArchivosNuevos/EventEmitterClasses.ts
FN:9,<instance_members_initializer>
FN:10,MessageEventEmitterClient
FN:25,get getConnection
FN:33,<instance_members_initializer>
FNF:4
FNH:2
FNDA:1,<instance_members_initializer>
FNDA:1,MessageEventEmitterClient
FNDA:0,get getConnection
FNDA:0,<instance_members_initializer>
DA:1,1
DA:2,1
DA:3,1
DA:4,1
DA:5,1
DA:6,1
DA:7,1
DA:8,1
DA:9,1
DA:10,1
DA:11,1
DA:12,1
DA:13,1
DA:14,3
DA:15,3
DA:16,3
DA:17,1
DA:18,1
DA:19,1
DA:20,1
DA:21,1
DA:22,1
DA:23,1
DA:24,1
DA:25,1
DA:26,0
DA:27,0
DA:28,1
DA:29,1
DA:30,1
DA:31,1
DA:32,1
DA:33,1
DA:34,0
DA:35,0
DA:36,0
DA:37,0
DA:38,0
DA:39,0
DA:40,0
DA:41,0
DA:42,0
DA:43,0
DA:44,0
DA:45,0
DA:46,0
DA:47,0
DA:48,0
DA:49,0
DA:50,0
DA:51,0
DA:52,0
DA:53,0
DA:54,0
DA:55,0
DA:56,0
DA:57,0
DA:58,0
DA:59,0
DA:60,0
DA:61,0
DA:62,0
DA:63,0
DA:64,0
DA:65,0
DA:66,0
DA:67,0
DA:68,0
DA:69,0
DA:70,0
DA:71,0
DA:72,0
DA:73,0
LF:73
LH:31
BRDA:9,0,0,1
BRDA:10,1,0,1
BRDA:13,2,0,3
BRDA:16,3,0,1
BRDA:33,4,0,0
BRF:5
BRH:4
end_of_record
